Pig Stack Trace
---------------
ERROR 1066: Unable to open iterator for alias rel. Backend error : java.lang.IllegalStateException: Job in state DEFINE instead of RUNNING

org.apache.pig.impl.logicalLayer.FrontendException: ERROR 1066: Unable to open iterator for alias rel. Backend error : java.lang.IllegalStateException: Job in state DEFINE instead of RUNNING
	at org.apache.pig.PigServer.openIterator(PigServer.java:1009)
	at org.apache.pig.tools.grunt.GruntParser.processDump(GruntParser.java:747)
	at org.apache.pig.tools.pigscript.parser.PigScriptParser.parse(PigScriptParser.java:376)
	at org.apache.pig.tools.grunt.GruntParser.parseStopOnError(GruntParser.java:231)
	at org.apache.pig.tools.grunt.GruntParser.parseStopOnError(GruntParser.java:206)
	at org.apache.pig.tools.grunt.Grunt.run(Grunt.java:66)
	at org.apache.pig.Main.run(Main.java:564)
	at org.apache.pig.Main.main(Main.java:176)
	at sun.reflect.NativeMethodAccessorImpl.invoke0(Native Method)
	at sun.reflect.NativeMethodAccessorImpl.invoke(NativeMethodAccessorImpl.java:62)
	at sun.reflect.DelegatingMethodAccessorImpl.invoke(DelegatingMethodAccessorImpl.java:43)
	at java.lang.reflect.Method.invoke(Method.java:498)
	at org.apache.hadoop.util.RunJar.run(RunJar.java:239)
	at org.apache.hadoop.util.RunJar.main(RunJar.java:153)
Caused by: org.apache.pig.backend.executionengine.ExecException: ERROR 0: java.lang.IllegalStateException: Job in state DEFINE instead of RUNNING
	at org.apache.pig.backend.hadoop.executionengine.mapReduceLayer.MapReduceLauncher.getStats(MapReduceLauncher.java:822)
	at org.apache.pig.backend.hadoop.executionengine.mapReduceLayer.MapReduceLauncher.launchPig(MapReduceLauncher.java:452)
	at org.apache.pig.backend.hadoop.executionengine.HExecutionEngine.launchPig(HExecutionEngine.java:308)
	at org.apache.pig.PigServer.launchPlan(PigServer.java:1474)
	at org.apache.pig.PigServer.executeCompiledLogicalPlan(PigServer.java:1459)
	at org.apache.pig.PigServer.storeEx(PigServer.java:1118)
	at org.apache.pig.PigServer.store(PigServer.java:1081)
	at org.apache.pig.PigServer.openIterator(PigServer.java:994)
	... 13 more
Caused by: java.lang.IllegalStateException: Job in state DEFINE instead of RUNNING
	at org.apache.hadoop.mapreduce.Job.ensureState(Job.java:300)
	at org.apache.hadoop.mapreduce.Job.getTaskReports(Job.java:542)
	at org.apache.pig.backend.hadoop.executionengine.shims.HadoopShims.getTaskReports(HadoopShims.java:235)
	at org.apache.pig.backend.hadoop.executionengine.mapReduceLayer.MapReduceLauncher.getStats(MapReduceLauncher.java:801)
	... 20 more
================================================================================
Pig Stack Trace
---------------
ERROR 1066: Unable to open iterator for alias rel. Backend error : java.lang.IllegalStateException: Job in state DEFINE instead of RUNNING

org.apache.pig.impl.logicalLayer.FrontendException: ERROR 1066: Unable to open iterator for alias rel. Backend error : java.lang.IllegalStateException: Job in state DEFINE instead of RUNNING
	at org.apache.pig.PigServer.openIterator(PigServer.java:1009)
	at org.apache.pig.tools.grunt.GruntParser.processDump(GruntParser.java:747)
	at org.apache.pig.tools.pigscript.parser.PigScriptParser.parse(PigScriptParser.java:376)
	at org.apache.pig.tools.grunt.GruntParser.parseStopOnError(GruntParser.java:231)
	at org.apache.pig.tools.grunt.GruntParser.parseStopOnError(GruntParser.java:206)
	at org.apache.pig.tools.grunt.Grunt.run(Grunt.java:66)
	at org.apache.pig.Main.run(Main.java:564)
	at org.apache.pig.Main.main(Main.java:176)
	at sun.reflect.NativeMethodAccessorImpl.invoke0(Native Method)
	at sun.reflect.NativeMethodAccessorImpl.invoke(NativeMethodAccessorImpl.java:62)
	at sun.reflect.DelegatingMethodAccessorImpl.invoke(DelegatingMethodAccessorImpl.java:43)
	at java.lang.reflect.Method.invoke(Method.java:498)
	at org.apache.hadoop.util.RunJar.run(RunJar.java:239)
	at org.apache.hadoop.util.RunJar.main(RunJar.java:153)
Caused by: org.apache.pig.backend.executionengine.ExecException: ERROR 0: java.lang.IllegalStateException: Job in state DEFINE instead of RUNNING
	at org.apache.pig.backend.hadoop.executionengine.mapReduceLayer.MapReduceLauncher.getStats(MapReduceLauncher.java:822)
	at org.apache.pig.backend.hadoop.executionengine.mapReduceLayer.MapReduceLauncher.launchPig(MapReduceLauncher.java:452)
	at org.apache.pig.backend.hadoop.executionengine.HExecutionEngine.launchPig(HExecutionEngine.java:308)
	at org.apache.pig.PigServer.launchPlan(PigServer.java:1474)
	at org.apache.pig.PigServer.executeCompiledLogicalPlan(PigServer.java:1459)
	at org.apache.pig.PigServer.storeEx(PigServer.java:1118)
	at org.apache.pig.PigServer.store(PigServer.java:1081)
	at org.apache.pig.PigServer.openIterator(PigServer.java:994)
	... 13 more
Caused by: java.lang.IllegalStateException: Job in state DEFINE instead of RUNNING
	at org.apache.hadoop.mapreduce.Job.ensureState(Job.java:300)
	at org.apache.hadoop.mapreduce.Job.getTaskReports(Job.java:542)
	at org.apache.pig.backend.hadoop.executionengine.shims.HadoopShims.getTaskReports(HadoopShims.java:235)
	at org.apache.pig.backend.hadoop.executionengine.mapReduceLayer.MapReduceLauncher.getStats(MapReduceLauncher.java:801)
	... 20 more
================================================================================
Pig Stack Trace
---------------
ERROR 1066: Unable to open iterator for alias rel. Backend error : java.lang.IllegalStateException: Job in state DEFINE instead of RUNNING

org.apache.pig.impl.logicalLayer.FrontendException: ERROR 1066: Unable to open iterator for alias rel. Backend error : java.lang.IllegalStateException: Job in state DEFINE instead of RUNNING
	at org.apache.pig.PigServer.openIterator(PigServer.java:1009)
	at org.apache.pig.tools.grunt.GruntParser.processDump(GruntParser.java:747)
	at org.apache.pig.tools.pigscript.parser.PigScriptParser.parse(PigScriptParser.java:376)
	at org.apache.pig.tools.grunt.GruntParser.parseStopOnError(GruntParser.java:231)
	at org.apache.pig.tools.grunt.GruntParser.parseStopOnError(GruntParser.java:206)
	at org.apache.pig.tools.grunt.Grunt.run(Grunt.java:66)
	at org.apache.pig.Main.run(Main.java:564)
	at org.apache.pig.Main.main(Main.java:176)
	at sun.reflect.NativeMethodAccessorImpl.invoke0(Native Method)
	at sun.reflect.NativeMethodAccessorImpl.invoke(NativeMethodAccessorImpl.java:62)
	at sun.reflect.DelegatingMethodAccessorImpl.invoke(DelegatingMethodAccessorImpl.java:43)
	at java.lang.reflect.Method.invoke(Method.java:498)
	at org.apache.hadoop.util.RunJar.run(RunJar.java:239)
	at org.apache.hadoop.util.RunJar.main(RunJar.java:153)
Caused by: org.apache.pig.backend.executionengine.ExecException: ERROR 0: java.lang.IllegalStateException: Job in state DEFINE instead of RUNNING
	at org.apache.pig.backend.hadoop.executionengine.mapReduceLayer.MapReduceLauncher.getStats(MapReduceLauncher.java:822)
	at org.apache.pig.backend.hadoop.executionengine.mapReduceLayer.MapReduceLauncher.launchPig(MapReduceLauncher.java:452)
	at org.apache.pig.backend.hadoop.executionengine.HExecutionEngine.launchPig(HExecutionEngine.java:308)
	at org.apache.pig.PigServer.launchPlan(PigServer.java:1474)
	at org.apache.pig.PigServer.executeCompiledLogicalPlan(PigServer.java:1459)
	at org.apache.pig.PigServer.storeEx(PigServer.java:1118)
	at org.apache.pig.PigServer.store(PigServer.java:1081)
	at org.apache.pig.PigServer.openIterator(PigServer.java:994)
	... 13 more
Caused by: java.lang.IllegalStateException: Job in state DEFINE instead of RUNNING
	at org.apache.hadoop.mapreduce.Job.ensureState(Job.java:300)
	at org.apache.hadoop.mapreduce.Job.getTaskReports(Job.java:542)
	at org.apache.pig.backend.hadoop.executionengine.shims.HadoopShims.getTaskReports(HadoopShims.java:235)
	at org.apache.pig.backend.hadoop.executionengine.mapReduceLayer.MapReduceLauncher.getStats(MapReduceLauncher.java:801)
	... 20 more
================================================================================
Pig Stack Trace
---------------
ERROR 1000: Error during parsing. Encountered " <PATH> "avrg=foreach "" at line 14, column 1.
Was expecting one of:
    <EOF> 
    "cat" ...
    "clear" ...
    "fs" ...
    "sh" ...
    "cd" ...
    "cp" ...
    "copyFromLocal" ...
    "copyToLocal" ...
    "dump" ...
    "\\d" ...
    "describe" ...
    "\\de" ...
    "aliases" ...
    "explain" ...
    "\\e" ...
    "help" ...
    "history" ...
    "kill" ...
    "ls" ...
    "mv" ...
    "mkdir" ...
    "pwd" ...
    "quit" ...
    "\\q" ...
    "register" ...
    "rm" ...
    "rmf" ...
    "set" ...
    "illustrate" ...
    "\\i" ...
    "run" ...
    "exec" ...
    "%default" ...
    "%declare" ...
    "scriptDone" ...
    "" ...
    "" ...
    <EOL> ...
    ";" ...
    

org.apache.pig.tools.pigscript.parser.ParseException: Encountered " <PATH> "avrg=foreach "" at line 14, column 1.
Was expecting one of:
    <EOF> 
    "cat" ...
    "clear" ...
    "fs" ...
    "sh" ...
    "cd" ...
    "cp" ...
    "copyFromLocal" ...
    "copyToLocal" ...
    "dump" ...
    "\\d" ...
    "describe" ...
    "\\de" ...
    "aliases" ...
    "explain" ...
    "\\e" ...
    "help" ...
    "history" ...
    "kill" ...
    "ls" ...
    "mv" ...
    "mkdir" ...
    "pwd" ...
    "quit" ...
    "\\q" ...
    "register" ...
    "rm" ...
    "rmf" ...
    "set" ...
    "illustrate" ...
    "\\i" ...
    "run" ...
    "exec" ...
    "%default" ...
    "%declare" ...
    "scriptDone" ...
    "" ...
    "" ...
    <EOL> ...
    ";" ...
    
	at org.apache.pig.tools.pigscript.parser.PigScriptParser.generateParseException(PigScriptParser.java:1498)
	at org.apache.pig.tools.pigscript.parser.PigScriptParser.handle_invalid_command(PigScriptParser.java:1306)
	at org.apache.pig.tools.pigscript.parser.PigScriptParser.parse(PigScriptParser.java:726)
	at org.apache.pig.tools.grunt.GruntParser.parseStopOnError(GruntParser.java:231)
	at org.apache.pig.tools.grunt.GruntParser.parseStopOnError(GruntParser.java:206)
	at org.apache.pig.tools.grunt.Grunt.run(Grunt.java:66)
	at org.apache.pig.Main.run(Main.java:564)
	at org.apache.pig.Main.main(Main.java:176)
	at sun.reflect.NativeMethodAccessorImpl.invoke0(Native Method)
	at sun.reflect.NativeMethodAccessorImpl.invoke(NativeMethodAccessorImpl.java:62)
	at sun.reflect.DelegatingMethodAccessorImpl.invoke(DelegatingMethodAccessorImpl.java:43)
	at java.lang.reflect.Method.invoke(Method.java:498)
	at org.apache.hadoop.util.RunJar.run(RunJar.java:239)
	at org.apache.hadoop.util.RunJar.main(RunJar.java:153)
================================================================================
Pig Stack Trace
---------------
ERROR 1070: Could not resolve avg using imports: [, java.lang., org.apache.pig.builtin., org.apache.pig.impl.builtin.]

Failed to parse: Pig script failed to parse: 
<line 9, column 38> Failed to generate logical plan. Nested exception: org.apache.pig.backend.executionengine.ExecException: ERROR 1070: Could not resolve avg using imports: [, java.lang., org.apache.pig.builtin., org.apache.pig.impl.builtin.]
	at org.apache.pig.parser.QueryParserDriver.parse(QueryParserDriver.java:199)
	at org.apache.pig.PigServer$Graph.validateQuery(PigServer.java:1791)
	at org.apache.pig.PigServer$Graph.registerQuery(PigServer.java:1764)
	at org.apache.pig.PigServer.registerQuery(PigServer.java:707)
	at org.apache.pig.tools.grunt.GruntParser.processPig(GruntParser.java:1075)
	at org.apache.pig.tools.pigscript.parser.PigScriptParser.parse(PigScriptParser.java:505)
	at org.apache.pig.tools.grunt.GruntParser.parseStopOnError(GruntParser.java:231)
	at org.apache.pig.tools.grunt.GruntParser.parseStopOnError(GruntParser.java:206)
	at org.apache.pig.tools.grunt.Grunt.run(Grunt.java:66)
	at org.apache.pig.Main.run(Main.java:564)
	at org.apache.pig.Main.main(Main.java:176)
	at sun.reflect.NativeMethodAccessorImpl.invoke0(Native Method)
	at sun.reflect.NativeMethodAccessorImpl.invoke(NativeMethodAccessorImpl.java:62)
	at sun.reflect.DelegatingMethodAccessorImpl.invoke(DelegatingMethodAccessorImpl.java:43)
	at java.lang.reflect.Method.invoke(Method.java:498)
	at org.apache.hadoop.util.RunJar.run(RunJar.java:239)
	at org.apache.hadoop.util.RunJar.main(RunJar.java:153)
Caused by: 
<line 9, column 38> Failed to generate logical plan. Nested exception: org.apache.pig.backend.executionengine.ExecException: ERROR 1070: Could not resolve avg using imports: [, java.lang., org.apache.pig.builtin., org.apache.pig.impl.builtin.]
	at org.apache.pig.parser.LogicalPlanBuilder.buildUDF(LogicalPlanBuilder.java:1572)
	at org.apache.pig.parser.LogicalPlanGenerator.func_eval(LogicalPlanGenerator.java:9403)
	at org.apache.pig.parser.LogicalPlanGenerator.projectable_expr(LogicalPlanGenerator.java:11082)
	at org.apache.pig.parser.LogicalPlanGenerator.var_expr(LogicalPlanGenerator.java:10841)
	at org.apache.pig.parser.LogicalPlanGenerator.expr(LogicalPlanGenerator.java:10190)
	at org.apache.pig.parser.LogicalPlanGenerator.flatten_generated_item(LogicalPlanGenerator.java:7519)
	at org.apache.pig.parser.LogicalPlanGenerator.generate_clause(LogicalPlanGenerator.java:17621)
	at org.apache.pig.parser.LogicalPlanGenerator.foreach_plan(LogicalPlanGenerator.java:16013)
	at org.apache.pig.parser.LogicalPlanGenerator.foreach_clause(LogicalPlanGenerator.java:15880)
	at org.apache.pig.parser.LogicalPlanGenerator.op_clause(LogicalPlanGenerator.java:1933)
	at org.apache.pig.parser.LogicalPlanGenerator.general_statement(LogicalPlanGenerator.java:1102)
	at org.apache.pig.parser.LogicalPlanGenerator.statement(LogicalPlanGenerator.java:560)
	at org.apache.pig.parser.LogicalPlanGenerator.query(LogicalPlanGenerator.java:421)
	at org.apache.pig.parser.QueryParserDriver.parse(QueryParserDriver.java:191)
	... 16 more
Caused by: org.apache.pig.backend.executionengine.ExecException: ERROR 1070: Could not resolve avg using imports: [, java.lang., org.apache.pig.builtin., org.apache.pig.impl.builtin.]
	at org.apache.pig.impl.PigContext.resolveClassName(PigContext.java:671)
	at org.apache.pig.impl.PigContext.getClassForAlias(PigContext.java:792)
	at org.apache.pig.parser.LogicalPlanBuilder.buildUDF(LogicalPlanBuilder.java:1569)
	... 29 more
================================================================================
Pig Stack Trace
---------------
ERROR 1003: Unable to find an operator for alias avrg

org.apache.pig.impl.logicalLayer.FrontendException: ERROR 1003: Unable to find an operator for alias avrg
	at org.apache.pig.PigServer$Graph.buildPlan(PigServer.java:1628)
	at org.apache.pig.PigServer.storeEx(PigServer.java:1113)
	at org.apache.pig.PigServer.store(PigServer.java:1081)
	at org.apache.pig.PigServer.openIterator(PigServer.java:994)
	at org.apache.pig.tools.grunt.GruntParser.processDump(GruntParser.java:747)
	at org.apache.pig.tools.pigscript.parser.PigScriptParser.parse(PigScriptParser.java:376)
	at org.apache.pig.tools.grunt.GruntParser.parseStopOnError(GruntParser.java:231)
	at org.apache.pig.tools.grunt.GruntParser.parseStopOnError(GruntParser.java:206)
	at org.apache.pig.tools.grunt.Grunt.run(Grunt.java:66)
	at org.apache.pig.Main.run(Main.java:564)
	at org.apache.pig.Main.main(Main.java:176)
	at sun.reflect.NativeMethodAccessorImpl.invoke0(Native Method)
	at sun.reflect.NativeMethodAccessorImpl.invoke(NativeMethodAccessorImpl.java:62)
	at sun.reflect.DelegatingMethodAccessorImpl.invoke(DelegatingMethodAccessorImpl.java:43)
	at java.lang.reflect.Method.invoke(Method.java:498)
	at org.apache.hadoop.util.RunJar.run(RunJar.java:239)
	at org.apache.hadoop.util.RunJar.main(RunJar.java:153)
================================================================================
Pig Stack Trace
---------------
ERROR 1070: Could not resolve avg using imports: [, java.lang., org.apache.pig.builtin., org.apache.pig.impl.builtin.]

Failed to parse: Pig script failed to parse: 
<line 9, column 38> Failed to generate logical plan. Nested exception: org.apache.pig.backend.executionengine.ExecException: ERROR 1070: Could not resolve avg using imports: [, java.lang., org.apache.pig.builtin., org.apache.pig.impl.builtin.]
	at org.apache.pig.parser.QueryParserDriver.parse(QueryParserDriver.java:199)
	at org.apache.pig.PigServer$Graph.validateQuery(PigServer.java:1791)
	at org.apache.pig.PigServer$Graph.registerQuery(PigServer.java:1764)
	at org.apache.pig.PigServer.registerQuery(PigServer.java:707)
	at org.apache.pig.tools.grunt.GruntParser.processPig(GruntParser.java:1075)
	at org.apache.pig.tools.pigscript.parser.PigScriptParser.parse(PigScriptParser.java:505)
	at org.apache.pig.tools.grunt.GruntParser.parseStopOnError(GruntParser.java:231)
	at org.apache.pig.tools.grunt.GruntParser.parseStopOnError(GruntParser.java:206)
	at org.apache.pig.tools.grunt.Grunt.run(Grunt.java:66)
	at org.apache.pig.Main.run(Main.java:564)
	at org.apache.pig.Main.main(Main.java:176)
	at sun.reflect.NativeMethodAccessorImpl.invoke0(Native Method)
	at sun.reflect.NativeMethodAccessorImpl.invoke(NativeMethodAccessorImpl.java:62)
	at sun.reflect.DelegatingMethodAccessorImpl.invoke(DelegatingMethodAccessorImpl.java:43)
	at java.lang.reflect.Method.invoke(Method.java:498)
	at org.apache.hadoop.util.RunJar.run(RunJar.java:239)
	at org.apache.hadoop.util.RunJar.main(RunJar.java:153)
Caused by: 
<line 9, column 38> Failed to generate logical plan. Nested exception: org.apache.pig.backend.executionengine.ExecException: ERROR 1070: Could not resolve avg using imports: [, java.lang., org.apache.pig.builtin., org.apache.pig.impl.builtin.]
	at org.apache.pig.parser.LogicalPlanBuilder.buildUDF(LogicalPlanBuilder.java:1572)
	at org.apache.pig.parser.LogicalPlanGenerator.func_eval(LogicalPlanGenerator.java:9403)
	at org.apache.pig.parser.LogicalPlanGenerator.projectable_expr(LogicalPlanGenerator.java:11082)
	at org.apache.pig.parser.LogicalPlanGenerator.var_expr(LogicalPlanGenerator.java:10841)
	at org.apache.pig.parser.LogicalPlanGenerator.expr(LogicalPlanGenerator.java:10190)
	at org.apache.pig.parser.LogicalPlanGenerator.flatten_generated_item(LogicalPlanGenerator.java:7519)
	at org.apache.pig.parser.LogicalPlanGenerator.generate_clause(LogicalPlanGenerator.java:17621)
	at org.apache.pig.parser.LogicalPlanGenerator.foreach_plan(LogicalPlanGenerator.java:16013)
	at org.apache.pig.parser.LogicalPlanGenerator.foreach_clause(LogicalPlanGenerator.java:15880)
	at org.apache.pig.parser.LogicalPlanGenerator.op_clause(LogicalPlanGenerator.java:1933)
	at org.apache.pig.parser.LogicalPlanGenerator.general_statement(LogicalPlanGenerator.java:1102)
	at org.apache.pig.parser.LogicalPlanGenerator.statement(LogicalPlanGenerator.java:560)
	at org.apache.pig.parser.LogicalPlanGenerator.query(LogicalPlanGenerator.java:421)
	at org.apache.pig.parser.QueryParserDriver.parse(QueryParserDriver.java:191)
	... 16 more
Caused by: org.apache.pig.backend.executionengine.ExecException: ERROR 1070: Could not resolve avg using imports: [, java.lang., org.apache.pig.builtin., org.apache.pig.impl.builtin.]
	at org.apache.pig.impl.PigContext.resolveClassName(PigContext.java:671)
	at org.apache.pig.impl.PigContext.getClassForAlias(PigContext.java:792)
	at org.apache.pig.parser.LogicalPlanBuilder.buildUDF(LogicalPlanBuilder.java:1569)
	... 29 more
================================================================================
Pig Stack Trace
---------------
ERROR 1070: Could not resolve avg using imports: [, java.lang., org.apache.pig.builtin., org.apache.pig.impl.builtin.]

Failed to parse: Pig script failed to parse: 
<line 9, column 40> Failed to generate logical plan. Nested exception: org.apache.pig.backend.executionengine.ExecException: ERROR 1070: Could not resolve avg using imports: [, java.lang., org.apache.pig.builtin., org.apache.pig.impl.builtin.]
	at org.apache.pig.parser.QueryParserDriver.parse(QueryParserDriver.java:199)
	at org.apache.pig.PigServer$Graph.validateQuery(PigServer.java:1791)
	at org.apache.pig.PigServer$Graph.registerQuery(PigServer.java:1764)
	at org.apache.pig.PigServer.registerQuery(PigServer.java:707)
	at org.apache.pig.tools.grunt.GruntParser.processPig(GruntParser.java:1075)
	at org.apache.pig.tools.pigscript.parser.PigScriptParser.parse(PigScriptParser.java:505)
	at org.apache.pig.tools.grunt.GruntParser.parseStopOnError(GruntParser.java:231)
	at org.apache.pig.tools.grunt.GruntParser.parseStopOnError(GruntParser.java:206)
	at org.apache.pig.tools.grunt.Grunt.run(Grunt.java:66)
	at org.apache.pig.Main.run(Main.java:564)
	at org.apache.pig.Main.main(Main.java:176)
	at sun.reflect.NativeMethodAccessorImpl.invoke0(Native Method)
	at sun.reflect.NativeMethodAccessorImpl.invoke(NativeMethodAccessorImpl.java:62)
	at sun.reflect.DelegatingMethodAccessorImpl.invoke(DelegatingMethodAccessorImpl.java:43)
	at java.lang.reflect.Method.invoke(Method.java:498)
	at org.apache.hadoop.util.RunJar.run(RunJar.java:239)
	at org.apache.hadoop.util.RunJar.main(RunJar.java:153)
Caused by: 
<line 9, column 40> Failed to generate logical plan. Nested exception: org.apache.pig.backend.executionengine.ExecException: ERROR 1070: Could not resolve avg using imports: [, java.lang., org.apache.pig.builtin., org.apache.pig.impl.builtin.]
	at org.apache.pig.parser.LogicalPlanBuilder.buildUDF(LogicalPlanBuilder.java:1572)
	at org.apache.pig.parser.LogicalPlanGenerator.func_eval(LogicalPlanGenerator.java:9403)
	at org.apache.pig.parser.LogicalPlanGenerator.projectable_expr(LogicalPlanGenerator.java:11082)
	at org.apache.pig.parser.LogicalPlanGenerator.var_expr(LogicalPlanGenerator.java:10841)
	at org.apache.pig.parser.LogicalPlanGenerator.expr(LogicalPlanGenerator.java:10190)
	at org.apache.pig.parser.LogicalPlanGenerator.flatten_generated_item(LogicalPlanGenerator.java:7519)
	at org.apache.pig.parser.LogicalPlanGenerator.generate_clause(LogicalPlanGenerator.java:17621)
	at org.apache.pig.parser.LogicalPlanGenerator.foreach_plan(LogicalPlanGenerator.java:16013)
	at org.apache.pig.parser.LogicalPlanGenerator.foreach_clause(LogicalPlanGenerator.java:15880)
	at org.apache.pig.parser.LogicalPlanGenerator.op_clause(LogicalPlanGenerator.java:1933)
	at org.apache.pig.parser.LogicalPlanGenerator.general_statement(LogicalPlanGenerator.java:1102)
	at org.apache.pig.parser.LogicalPlanGenerator.statement(LogicalPlanGenerator.java:560)
	at org.apache.pig.parser.LogicalPlanGenerator.query(LogicalPlanGenerator.java:421)
	at org.apache.pig.parser.QueryParserDriver.parse(QueryParserDriver.java:191)
	... 16 more
Caused by: org.apache.pig.backend.executionengine.ExecException: ERROR 1070: Could not resolve avg using imports: [, java.lang., org.apache.pig.builtin., org.apache.pig.impl.builtin.]
	at org.apache.pig.impl.PigContext.resolveClassName(PigContext.java:671)
	at org.apache.pig.impl.PigContext.getClassForAlias(PigContext.java:792)
	at org.apache.pig.parser.LogicalPlanBuilder.buildUDF(LogicalPlanBuilder.java:1569)
	... 29 more
================================================================================
Pig Stack Trace
---------------
ERROR 1200: <line 13, column 19>  Syntax error, unexpected symbol at or near ';'

Failed to parse: <line 13, column 19>  Syntax error, unexpected symbol at or near ';'
	at org.apache.pig.parser.QueryParserDriver.parse(QueryParserDriver.java:244)
	at org.apache.pig.parser.QueryParserDriver.parse(QueryParserDriver.java:182)
	at org.apache.pig.PigServer$Graph.validateQuery(PigServer.java:1791)
	at org.apache.pig.PigServer$Graph.registerQuery(PigServer.java:1764)
	at org.apache.pig.PigServer.registerQuery(PigServer.java:707)
	at org.apache.pig.tools.grunt.GruntParser.processPig(GruntParser.java:1075)
	at org.apache.pig.tools.pigscript.parser.PigScriptParser.parse(PigScriptParser.java:505)
	at org.apache.pig.tools.grunt.GruntParser.parseStopOnError(GruntParser.java:231)
	at org.apache.pig.tools.grunt.GruntParser.parseStopOnError(GruntParser.java:206)
	at org.apache.pig.tools.grunt.Grunt.run(Grunt.java:66)
	at org.apache.pig.Main.run(Main.java:564)
	at org.apache.pig.Main.main(Main.java:176)
	at sun.reflect.NativeMethodAccessorImpl.invoke0(Native Method)
	at sun.reflect.NativeMethodAccessorImpl.invoke(NativeMethodAccessorImpl.java:62)
	at sun.reflect.DelegatingMethodAccessorImpl.invoke(DelegatingMethodAccessorImpl.java:43)
	at java.lang.reflect.Method.invoke(Method.java:498)
	at org.apache.hadoop.util.RunJar.run(RunJar.java:239)
	at org.apache.hadoop.util.RunJar.main(RunJar.java:153)
================================================================================
Pig Stack Trace
---------------
ERROR 1000: Error during parsing. Encountered " <IDENTIFIER> "DENSE "" at line 5, column 11.
Was expecting one of:
    <EOF> 
    "cat" ...
    "clear" ...
    "fs" ...
    "sh" ...
    "cd" ...
    "cp" ...
    "copyFromLocal" ...
    "copyToLocal" ...
    "dump" ...
    "\\d" ...
    "describe" ...
    "\\de" ...
    "aliases" ...
    "explain" ...
    "\\e" ...
    "help" ...
    "history" ...
    "kill" ...
    "ls" ...
    "mv" ...
    "mkdir" ...
    "pwd" ...
    "quit" ...
    "\\q" ...
    "register" ...
    "rm" ...
    "rmf" ...
    "set" ...
    "illustrate" ...
    "\\i" ...
    "run" ...
    "exec" ...
    "%default" ...
    "%declare" ...
    "scriptDone" ...
    "" ...
    "" ...
    <EOL> ...
    ";" ...
    

org.apache.pig.tools.pigscript.parser.ParseException: Encountered " <IDENTIFIER> "DENSE "" at line 5, column 11.
Was expecting one of:
    <EOF> 
    "cat" ...
    "clear" ...
    "fs" ...
    "sh" ...
    "cd" ...
    "cp" ...
    "copyFromLocal" ...
    "copyToLocal" ...
    "dump" ...
    "\\d" ...
    "describe" ...
    "\\de" ...
    "aliases" ...
    "explain" ...
    "\\e" ...
    "help" ...
    "history" ...
    "kill" ...
    "ls" ...
    "mv" ...
    "mkdir" ...
    "pwd" ...
    "quit" ...
    "\\q" ...
    "register" ...
    "rm" ...
    "rmf" ...
    "set" ...
    "illustrate" ...
    "\\i" ...
    "run" ...
    "exec" ...
    "%default" ...
    "%declare" ...
    "scriptDone" ...
    "" ...
    "" ...
    <EOL> ...
    ";" ...
    
	at org.apache.pig.tools.pigscript.parser.PigScriptParser.generateParseException(PigScriptParser.java:1498)
	at org.apache.pig.tools.pigscript.parser.PigScriptParser.handle_invalid_command(PigScriptParser.java:1306)
	at org.apache.pig.tools.pigscript.parser.PigScriptParser.parse(PigScriptParser.java:726)
	at org.apache.pig.tools.grunt.GruntParser.parseStopOnError(GruntParser.java:231)
	at org.apache.pig.tools.grunt.GruntParser.parseStopOnError(GruntParser.java:206)
	at org.apache.pig.tools.grunt.Grunt.run(Grunt.java:66)
	at org.apache.pig.Main.run(Main.java:564)
	at org.apache.pig.Main.main(Main.java:176)
	at sun.reflect.NativeMethodAccessorImpl.invoke0(Native Method)
	at sun.reflect.NativeMethodAccessorImpl.invoke(NativeMethodAccessorImpl.java:62)
	at sun.reflect.DelegatingMethodAccessorImpl.invoke(DelegatingMethodAccessorImpl.java:43)
	at java.lang.reflect.Method.invoke(Method.java:498)
	at org.apache.hadoop.util.RunJar.run(RunJar.java:239)
	at org.apache.hadoop.util.RunJar.main(RunJar.java:153)
================================================================================
Pig Stack Trace
---------------
ERROR 1070: Could not resolve lower using imports: [, java.lang., org.apache.pig.builtin., org.apache.pig.impl.builtin.]

Failed to parse: Pig script failed to parse: 
<line 17, column 28> Failed to generate logical plan. Nested exception: org.apache.pig.backend.executionengine.ExecException: ERROR 1070: Could not resolve lower using imports: [, java.lang., org.apache.pig.builtin., org.apache.pig.impl.builtin.]
	at org.apache.pig.parser.QueryParserDriver.parse(QueryParserDriver.java:199)
	at org.apache.pig.PigServer$Graph.validateQuery(PigServer.java:1791)
	at org.apache.pig.PigServer$Graph.registerQuery(PigServer.java:1764)
	at org.apache.pig.PigServer.registerQuery(PigServer.java:707)
	at org.apache.pig.tools.grunt.GruntParser.processPig(GruntParser.java:1075)
	at org.apache.pig.tools.pigscript.parser.PigScriptParser.parse(PigScriptParser.java:505)
	at org.apache.pig.tools.grunt.GruntParser.parseStopOnError(GruntParser.java:231)
	at org.apache.pig.tools.grunt.GruntParser.parseStopOnError(GruntParser.java:206)
	at org.apache.pig.tools.grunt.Grunt.run(Grunt.java:66)
	at org.apache.pig.Main.run(Main.java:564)
	at org.apache.pig.Main.main(Main.java:176)
	at sun.reflect.NativeMethodAccessorImpl.invoke0(Native Method)
	at sun.reflect.NativeMethodAccessorImpl.invoke(NativeMethodAccessorImpl.java:62)
	at sun.reflect.DelegatingMethodAccessorImpl.invoke(DelegatingMethodAccessorImpl.java:43)
	at java.lang.reflect.Method.invoke(Method.java:498)
	at org.apache.hadoop.util.RunJar.run(RunJar.java:239)
	at org.apache.hadoop.util.RunJar.main(RunJar.java:153)
Caused by: 
<line 17, column 28> Failed to generate logical plan. Nested exception: org.apache.pig.backend.executionengine.ExecException: ERROR 1070: Could not resolve lower using imports: [, java.lang., org.apache.pig.builtin., org.apache.pig.impl.builtin.]
	at org.apache.pig.parser.LogicalPlanBuilder.buildUDF(LogicalPlanBuilder.java:1572)
	at org.apache.pig.parser.LogicalPlanGenerator.func_eval(LogicalPlanGenerator.java:9403)
	at org.apache.pig.parser.LogicalPlanGenerator.projectable_expr(LogicalPlanGenerator.java:11082)
	at org.apache.pig.parser.LogicalPlanGenerator.var_expr(LogicalPlanGenerator.java:10841)
	at org.apache.pig.parser.LogicalPlanGenerator.expr(LogicalPlanGenerator.java:10190)
	at org.apache.pig.parser.LogicalPlanGenerator.flatten_generated_item(LogicalPlanGenerator.java:7519)
	at org.apache.pig.parser.LogicalPlanGenerator.generate_clause(LogicalPlanGenerator.java:17621)
	at org.apache.pig.parser.LogicalPlanGenerator.foreach_plan(LogicalPlanGenerator.java:16013)
	at org.apache.pig.parser.LogicalPlanGenerator.foreach_clause(LogicalPlanGenerator.java:15880)
	at org.apache.pig.parser.LogicalPlanGenerator.op_clause(LogicalPlanGenerator.java:1933)
	at org.apache.pig.parser.LogicalPlanGenerator.general_statement(LogicalPlanGenerator.java:1102)
	at org.apache.pig.parser.LogicalPlanGenerator.statement(LogicalPlanGenerator.java:560)
	at org.apache.pig.parser.LogicalPlanGenerator.query(LogicalPlanGenerator.java:421)
	at org.apache.pig.parser.QueryParserDriver.parse(QueryParserDriver.java:191)
	... 16 more
Caused by: org.apache.pig.backend.executionengine.ExecException: ERROR 1070: Could not resolve lower using imports: [, java.lang., org.apache.pig.builtin., org.apache.pig.impl.builtin.]
	at org.apache.pig.impl.PigContext.resolveClassName(PigContext.java:671)
	at org.apache.pig.impl.PigContext.getClassForAlias(PigContext.java:792)
	at org.apache.pig.parser.LogicalPlanBuilder.buildUDF(LogicalPlanBuilder.java:1569)
	... 29 more
================================================================================
Pig Stack Trace
---------------
ERROR 1070: Could not resolve lower using imports: [, java.lang., org.apache.pig.builtin., org.apache.pig.impl.builtin.]

Failed to parse: Pig script failed to parse: 
<line 17, column 28> Failed to generate logical plan. Nested exception: org.apache.pig.backend.executionengine.ExecException: ERROR 1070: Could not resolve lower using imports: [, java.lang., org.apache.pig.builtin., org.apache.pig.impl.builtin.]
	at org.apache.pig.parser.QueryParserDriver.parse(QueryParserDriver.java:199)
	at org.apache.pig.PigServer$Graph.validateQuery(PigServer.java:1791)
	at org.apache.pig.PigServer$Graph.registerQuery(PigServer.java:1764)
	at org.apache.pig.PigServer.registerQuery(PigServer.java:707)
	at org.apache.pig.tools.grunt.GruntParser.processPig(GruntParser.java:1075)
	at org.apache.pig.tools.pigscript.parser.PigScriptParser.parse(PigScriptParser.java:505)
	at org.apache.pig.tools.grunt.GruntParser.parseStopOnError(GruntParser.java:231)
	at org.apache.pig.tools.grunt.GruntParser.parseStopOnError(GruntParser.java:206)
	at org.apache.pig.tools.grunt.Grunt.run(Grunt.java:66)
	at org.apache.pig.Main.run(Main.java:564)
	at org.apache.pig.Main.main(Main.java:176)
	at sun.reflect.NativeMethodAccessorImpl.invoke0(Native Method)
	at sun.reflect.NativeMethodAccessorImpl.invoke(NativeMethodAccessorImpl.java:62)
	at sun.reflect.DelegatingMethodAccessorImpl.invoke(DelegatingMethodAccessorImpl.java:43)
	at java.lang.reflect.Method.invoke(Method.java:498)
	at org.apache.hadoop.util.RunJar.run(RunJar.java:239)
	at org.apache.hadoop.util.RunJar.main(RunJar.java:153)
Caused by: 
<line 17, column 28> Failed to generate logical plan. Nested exception: org.apache.pig.backend.executionengine.ExecException: ERROR 1070: Could not resolve lower using imports: [, java.lang., org.apache.pig.builtin., org.apache.pig.impl.builtin.]
	at org.apache.pig.parser.LogicalPlanBuilder.buildUDF(LogicalPlanBuilder.java:1572)
	at org.apache.pig.parser.LogicalPlanGenerator.func_eval(LogicalPlanGenerator.java:9403)
	at org.apache.pig.parser.LogicalPlanGenerator.projectable_expr(LogicalPlanGenerator.java:11082)
	at org.apache.pig.parser.LogicalPlanGenerator.var_expr(LogicalPlanGenerator.java:10841)
	at org.apache.pig.parser.LogicalPlanGenerator.expr(LogicalPlanGenerator.java:10190)
	at org.apache.pig.parser.LogicalPlanGenerator.flatten_generated_item(LogicalPlanGenerator.java:7519)
	at org.apache.pig.parser.LogicalPlanGenerator.generate_clause(LogicalPlanGenerator.java:17621)
	at org.apache.pig.parser.LogicalPlanGenerator.foreach_plan(LogicalPlanGenerator.java:16013)
	at org.apache.pig.parser.LogicalPlanGenerator.foreach_clause(LogicalPlanGenerator.java:15880)
	at org.apache.pig.parser.LogicalPlanGenerator.op_clause(LogicalPlanGenerator.java:1933)
	at org.apache.pig.parser.LogicalPlanGenerator.general_statement(LogicalPlanGenerator.java:1102)
	at org.apache.pig.parser.LogicalPlanGenerator.statement(LogicalPlanGenerator.java:560)
	at org.apache.pig.parser.LogicalPlanGenerator.query(LogicalPlanGenerator.java:421)
	at org.apache.pig.parser.QueryParserDriver.parse(QueryParserDriver.java:191)
	... 16 more
Caused by: org.apache.pig.backend.executionengine.ExecException: ERROR 1070: Could not resolve lower using imports: [, java.lang., org.apache.pig.builtin., org.apache.pig.impl.builtin.]
	at org.apache.pig.impl.PigContext.resolveClassName(PigContext.java:671)
	at org.apache.pig.impl.PigContext.getClassForAlias(PigContext.java:792)
	at org.apache.pig.parser.LogicalPlanBuilder.buildUDF(LogicalPlanBuilder.java:1569)
	... 29 more
================================================================================
Pig Stack Trace
---------------
ERROR 1200: <file , line 22> Cannot expand macro 'quit'. Reason: Macro must be defined before expansion.

Failed to parse: <file , line 22> Cannot expand macro 'quit'. Reason: Macro must be defined before expansion.
	at org.apache.pig.parser.PigMacro.macroInline(PigMacro.java:452)
	at org.apache.pig.parser.QueryParserDriver.inlineMacro(QueryParserDriver.java:301)
	at org.apache.pig.parser.QueryParserDriver.expandMacro(QueryParserDriver.java:290)
	at org.apache.pig.parser.QueryParserDriver.parse(QueryParserDriver.java:183)
	at org.apache.pig.PigServer$Graph.validateQuery(PigServer.java:1791)
	at org.apache.pig.PigServer$Graph.registerQuery(PigServer.java:1764)
	at org.apache.pig.PigServer.registerQuery(PigServer.java:707)
	at org.apache.pig.tools.grunt.GruntParser.processPig(GruntParser.java:1075)
	at org.apache.pig.tools.pigscript.parser.PigScriptParser.parse(PigScriptParser.java:505)
	at org.apache.pig.tools.grunt.GruntParser.parseStopOnError(GruntParser.java:231)
	at org.apache.pig.tools.grunt.GruntParser.parseStopOnError(GruntParser.java:206)
	at org.apache.pig.tools.grunt.Grunt.run(Grunt.java:66)
	at org.apache.pig.Main.run(Main.java:564)
	at org.apache.pig.Main.main(Main.java:176)
	at sun.reflect.NativeMethodAccessorImpl.invoke0(Native Method)
	at sun.reflect.NativeMethodAccessorImpl.invoke(NativeMethodAccessorImpl.java:62)
	at sun.reflect.DelegatingMethodAccessorImpl.invoke(DelegatingMethodAccessorImpl.java:43)
	at java.lang.reflect.Method.invoke(Method.java:498)
	at org.apache.hadoop.util.RunJar.run(RunJar.java:239)
	at org.apache.hadoop.util.RunJar.main(RunJar.java:153)
================================================================================
Pig Stack Trace
---------------
ERROR 1000: Error during parsing. Lexical error at line 6, column 0.  Encountered: <EOF> after : ""

org.apache.pig.tools.pigscript.parser.TokenMgrError: Lexical error at line 6, column 0.  Encountered: <EOF> after : ""
	at org.apache.pig.tools.pigscript.parser.PigScriptParserTokenManager.getNextToken(PigScriptParserTokenManager.java:3401)
	at org.apache.pig.tools.pigscript.parser.PigScriptParser.jj_ntk(PigScriptParser.java:1449)
	at org.apache.pig.tools.pigscript.parser.PigScriptParser.parse(PigScriptParser.java:110)
	at org.apache.pig.tools.grunt.GruntParser.parseStopOnError(GruntParser.java:231)
	at org.apache.pig.tools.grunt.GruntParser.parseStopOnError(GruntParser.java:206)
	at org.apache.pig.tools.grunt.Grunt.run(Grunt.java:66)
	at org.apache.pig.Main.run(Main.java:564)
	at org.apache.pig.Main.main(Main.java:176)
	at sun.reflect.NativeMethodAccessorImpl.invoke0(Native Method)
	at sun.reflect.NativeMethodAccessorImpl.invoke(NativeMethodAccessorImpl.java:62)
	at sun.reflect.DelegatingMethodAccessorImpl.invoke(DelegatingMethodAccessorImpl.java:43)
	at java.lang.reflect.Method.invoke(Method.java:498)
	at org.apache.hadoop.util.RunJar.run(RunJar.java:239)
	at org.apache.hadoop.util.RunJar.main(RunJar.java:153)
================================================================================
